<?xml version="1.0" encoding="UTF-8"?>
<!-- Generated by org.testng.reporters.JUnitReportReporter -->
<testsuite hostname="DESKTOP-GNRAU10" failures="0" tests="1" name="testCases.TC_002_LoginTest" time="1.405" errors="0" timestamp="2023-06-14T14:27:00 IST" skipped="0">
  <testcase classname="testCases.TC_002_LoginTest" name="test_login" time="1.405"/>
  <system-out/>
</testsuite> <!-- testCases.TC_002_LoginTest -->
