<?xml version="1.0" encoding="UTF-8"?>
<!-- Generated by org.testng.reporters.JUnitReportReporter -->
<testsuite hostname="DESKTOP-GNRAU10" failures="0" tests="1" name="testCases.TC_001_AccountRegistrationTest" time="6.316" errors="0" timestamp="2023-06-19T14:22:13 IST" skipped="0">
  <testcase classname="testCases.TC_001_AccountRegistrationTest" name="test_registrationaccount" time="6.316"/>
</testsuite> <!-- testCases.TC_001_AccountRegistrationTest -->
