<?xml version="1.0" encoding="UTF-8"?>
<!-- Generated by org.testng.reporters.JUnitReportReporter -->
<testsuite hostname="DESKTOP-GNRAU10" failures="0" tests="1" name="testCases.TC_002_LoginTest" time="2.029" errors="0" timestamp="2023-06-14T15:26:38 IST" skipped="0">
  <testcase classname="testCases.TC_002_LoginTest" name="test_login" time="2.029"/>
</testsuite> <!-- testCases.TC_002_LoginTest -->
